\BOOKMARK [1][-]{section.1}{\376\377\000I\000n\000t\000r\000o\000d\000u\000c\000t\000i\000o\000n}{}% 1
\BOOKMARK [1][-]{section.2}{\376\377\000M\000e\000t\000h\000o\000d\000s}{}% 2
\BOOKMARK [2][-]{subsection.2.1}{\376\377\000P\000a\000r\000t\000i\000c\000i\000p\000a\000n\000t\000s}{section.2}% 3
\BOOKMARK [2][-]{subsection.2.2}{\376\377\000M\000a\000t\000e\000r\000i\000a\000l\000s}{section.2}% 4
\BOOKMARK [2][-]{subsection.2.3}{\376\377\000M\000e\000a\000s\000u\000r\000e\000s}{section.2}% 5
\BOOKMARK [2][-]{subsection.2.4}{\376\377\000D\000e\000p\000r\000e\000s\000s\000i\000o\000n\000\040\000G\000r\000o\000u\000p\000\040\000C\000l\000a\000s\000s\000i\000f\000i\000c\000a\000t\000i\000o\000n}{section.2}% 6
\BOOKMARK [2][-]{subsection.2.5}{\376\377\000S\000t\000a\000t\000i\000s\000t\000i\000c\000a\000l\000\040\000A\000p\000p\000r\000o\000a\000c\000h}{section.2}% 7
\BOOKMARK [1][-]{section.3}{\376\377\000R\000e\000s\000u\000l\000t\000s}{}% 8
\BOOKMARK [2][-]{subsection.3.1}{\376\377\000D\000e\000m\000o\000g\000r\000a\000p\000h\000i\000c\000s\000\040\000a\000n\000d\000\040\000S\000a\000m\000p\000l\000e\000\040\000C\000h\000a\000r\000a\000c\000t\000e\000r\000i\000s\000t\000i\000c\000s}{section.3}% 9
\BOOKMARK [2][-]{subsection.3.2}{\376\377\000C\000l\000i\000n\000i\000c\000a\000l\000\040\000M\000e\000a\000s\000u\000r\000e\000s}{section.3}% 10
\BOOKMARK [2][-]{subsection.3.3}{\376\377\000D\000e\000p\000r\000e\000s\000s\000i\000o\000n\040\023\000A\000n\000x\000i\000e\000t\000y\000\040\000C\000o\000v\000a\000r\000i\000a\000n\000c\000e}{section.3}% 11
\BOOKMARK [2][-]{subsection.3.4}{\376\377\000V\000i\000d\000e\000o\000-\000L\000e\000v\000e\000l\000\040\000E\000m\000o\000t\000i\000o\000n\000a\000l\000\040\000a\000n\000d\000\040\000P\000r\000e\000s\000e\000n\000c\000e\000\040\000R\000a\000t\000i\000n\000g\000s}{section.3}% 12
\BOOKMARK [2][-]{subsection.3.5}{\376\377\000H\000e\000a\000d\000t\000r\000a\000c\000k\000i\000n\000g\000\040\000M\000e\000a\000s\000u\000r\000e\000s}{section.3}% 13
\BOOKMARK [2][-]{subsection.3.6}{\376\377\000H\000e\000a\000d\000t\000r\000a\000c\000k\000i\000n\000g\000\040\000b\000y\000\040\000D\000e\000p\000r\000e\000s\000s\000i\000o\000n\000\040\000G\000r\000o\000u\000p}{section.3}% 14
\BOOKMARK [2][-]{subsection.3.7}{\376\377\000P\000A\000N\000A\000S\000:\000\040\000P\000r\000e\000-\000\040\000a\000n\000d\000\040\000P\000o\000s\000t\000-\000V\000R\000\040\000M\000o\000o\000d}{section.3}% 15
\BOOKMARK [2][-]{subsection.3.8}{\376\377\000O\000u\000t\000l\000i\000e\000r\000\040\000A\000n\000a\000l\000y\000s\000i\000s}{section.3}% 16
\BOOKMARK [1][-]{section.4}{\376\377\000C\000o\000n\000c\000l\000u\000s\000i\000o\000n\000\040\000a\000n\000d\000\040\000F\000u\000t\000u\000r\000e\000\040\000D\000i\000r\000e\000c\000t\000i\000o\000n\000s}{}% 17
\BOOKMARK [2][-]{subsection.4.1}{\376\377\000S\000u\000m\000m\000a\000r\000y\000\040\000o\000f\000\040\000F\000i\000n\000d\000i\000n\000g\000s}{section.4}% 18
\BOOKMARK [2][-]{subsection.4.2}{\376\377\000L\000i\000m\000i\000t\000a\000t\000i\000o\000n\000s}{section.4}% 19
\BOOKMARK [2][-]{subsection.4.3}{\376\377\000P\000l\000a\000n\000s\000\040\000f\000o\000r\000\040\000R\000e\000p\000o\000r\000t\000\040\0002}{section.4}% 20
